TN:
SF:/Users/laurahope/Desktop/BinarySearchTree/src2/bst-node.js
FN:2,(anonymous_0)
FNF:1
FNH:1
FNDA:15,(anonymous_0)
DA:3,15
DA:4,15
DA:5,15
LF:3
LH:3
BRF:0
BRH:0
end_of_record
TN:
SF:/Users/laurahope/Desktop/BinarySearchTree/src2/bst.js
FN:2,(anonymous_0)
FN:6,(anonymous_1)
FNF:2
FNH:2
FNDA:7,(anonymous_0)
FNDA:14,(anonymous_1)
DA:3,7
DA:7,14
DA:8,6
DA:10,8
DA:11,8
DA:12,11
DA:13,6
DA:14,4
DA:15,4
DA:17,2
DA:19,5
DA:20,5
DA:21,4
DA:22,4
DA:24,1
LF:15
LH:15
BRDA:7,0,0,6
BRDA:7,0,1,8
BRDA:12,1,0,6
BRDA:12,1,1,5
BRDA:13,2,0,4
BRDA:13,2,1,2
BRDA:19,3,0,5
BRDA:19,3,1,0
BRDA:20,4,0,4
BRDA:20,4,1,1
BRF:10
BRH:9
end_of_record
